<?xml version="1.0" encoding="UTF-8"?>
<testsuite xmlns:xsi="http://www.w3.org/2001/XMLSchema-instance" xsi:noNamespaceSchemaLocation="https://maven.apache.org/surefire/maven-surefire-plugin/xsd/surefire-test-report.xsd" name="com.safetynet.emergencysystem.service.PersonServiceTest" time="3.053" tests="5" errors="0" skipped="0" failures="0">
  <properties>
[...]
</properties>
  <testcase name="shouldGetPersons" classname="com.safetynet.emergencysystem.service.PersonServiceTest" time="0.584"/>
  <testcase name="shouldCreatePerson" classname="com.safetynet.emergencysystem.service.PersonServiceTest" time="0.519"/>
  <testcase name="shouldCreatePersons" classname="com.safetynet.emergencysystem.service.PersonServiceTest" time="0.366"/>
  <testcase name="shouldGetPersonByFirstNameAndLastName" classname="com.safetynet.emergencysystem.service.PersonServiceTest" time="0.952"/>
  <testcase name="shouldUpdatePerson" classname="com.safetynet.emergencysystem.service.PersonServiceTest" time="0.348"/>
</testsuite>